Making folder
Training model 2...
Loading data
Altitude max: 868 km
Number of neurons per layer: 14
Include altitude: False
Smoothness lambda: 10000000000.0
Crop limit: 100 nT
Input shape:  torch.Size([46865873, 3])
Device: cuda
Preparing bootstrap without replacement.
Sampled orbits / total orbits:  0.6999577405268348
Bootstrap prepared!
Plateau reached!

Making folder
Training model 4...
Loading data
Altitude max: 1134 km
Number of neurons per layer: 16
Include altitude: False
Smoothness lambda: 10000000000.0
Crop limit: 60 nT
Input shape:  torch.Size([56483883, 3])
Device: cuda
Preparing bootstrap without replacement.
Sampled orbits / total orbits:  0.6999859148316823
Bootstrap prepared!
Plateau reached!

Making folder
Training model 7...
Loading data
Altitude max: 1443 km
Number of neurons per layer: 7
Include altitude: False
Smoothness lambda: 10000000000.0
Crop limit: 100 nT
Input shape:  torch.Size([68422674, 3])
Device: cuda
Preparing bootstrap without replacement.
Sampled orbits / total orbits:  0.6999671376930661
Bootstrap prepared!
Plateau reached!

Making folder
Training model 8...
Loading data
Altitude max: 988 km
Number of neurons per layer: 10
Include altitude: False
Smoothness lambda: 10000000000.0
Crop limit: 100 nT
Input shape:  torch.Size([51567816, 3])
Device: cuda
Preparing bootstrap without replacement.
Sampled orbits / total orbits:  0.6999577405268348
Bootstrap prepared!
Plateau reached!

Making folder
Training model 11...
Loading data
Altitude max: 1469 km
Number of neurons per layer: 12
Include altitude: False
Smoothness lambda: 10000000000.0
Crop limit: 100 nT
Input shape:  torch.Size([69363676, 3])
Device: cuda
Preparing bootstrap without replacement.
Sampled orbits / total orbits:  0.6999671376930661
Bootstrap prepared!
Plateau reached!

Making folder
Training model 13...
Loading data
Altitude max: 633 km
Number of neurons per layer: 9
Include altitude: False
Smoothness lambda: 10000000000.0
Crop limit: 100 nT
Input shape:  torch.Size([36949514, 3])
Device: cuda
Preparing bootstrap without replacement.
Sampled orbits / total orbits:  0.6999812136013526
Bootstrap prepared!
Plateau reached!

Making folder
Training model 15...
Loading data
Altitude max: 1036 km
Number of neurons per layer: 7
Include altitude: False
Smoothness lambda: 10000000000.0
Crop limit: 60 nT
Input shape:  torch.Size([52793490, 3])
Device: cuda
Preparing bootstrap without replacement.
Sampled orbits / total orbits:  0.6999577405268348
Bootstrap prepared!
Plateau reached!

Making folder
Training model 17...
Loading data
Altitude max: 1432 km
Number of neurons per layer: 11
Include altitude: False
Smoothness lambda: 10000000000.0
Crop limit: 50 nT
Input shape:  torch.Size([66718096, 3])
Device: cuda
Preparing bootstrap without replacement.
Sampled orbits / total orbits:  0.7
Bootstrap prepared!
Plateau reached!

Making folder
Training model 20...
Loading data
Altitude max: 722 km
Number of neurons per layer: 14
Include altitude: False
Smoothness lambda: 10000000000.0
Crop limit: 100 nT
Input shape:  torch.Size([40850807, 3])
Device: cuda
Preparing bootstrap without replacement.
Sampled orbits / total orbits:  0.6999953036209082
Bootstrap prepared!
Plateau reached!

Making folder
Training model 23...
Loading data
Altitude max: 1122 km
Number of neurons per layer: 16
Include altitude: False
Smoothness lambda: 10000000000.0
Crop limit: 50 nT
Input shape:  torch.Size([55352580, 3])
Device: cuda
Preparing bootstrap without replacement.
Sampled orbits / total orbits:  0.6999859148316823
Bootstrap prepared!
Plateau reached!

Making folder
Training model 25...
Loading data
Altitude max: 660 km
Number of neurons per layer: 7
Include altitude: False
Smoothness lambda: 10000000000.0
Crop limit: 100 nT
Input shape:  torch.Size([38156866, 3])
Device: cuda
Preparing bootstrap without replacement.
Sampled orbits / total orbits:  0.6999812136013526
Bootstrap prepared!
Plateau reached!

Making folder
Training model 27...
Loading data
Altitude max: 542 km
Number of neurons per layer: 13
Include altitude: False
Smoothness lambda: 10000000000.0
Crop limit: 30 nT
Input shape:  torch.Size([27456006, 3])
Device: cuda
Preparing bootstrap without replacement.
Sampled orbits / total orbits:  0.699995290349927
Bootstrap prepared!
Plateau reached!

Making folder
Training model 28...
Loading data
Altitude max: 1208 km
Number of neurons per layer: 7
Include altitude: False
Smoothness lambda: 10000000000.0
Crop limit: 40 nT
Input shape:  torch.Size([56989836, 3])
Device: cuda
Preparing bootstrap without replacement.
Sampled orbits / total orbits:  0.7
Bootstrap prepared!
Plateau reached!

Making folder
Training model 29...
Loading data
Altitude max: 1290 km
Number of neurons per layer: 7
Include altitude: False
Smoothness lambda: 10000000000.0
Crop limit: 40 nT
Input shape:  torch.Size([59993749, 3])
Device: cuda
Preparing bootstrap without replacement.
Sampled orbits / total orbits:  0.7
Bootstrap prepared!
Plateau reached!

Making folder
Training model 32...
Loading data
Altitude max: 1420 km
Number of neurons per layer: 11
Include altitude: False
Smoothness lambda: 10000000000.0
Crop limit: 100 nT
Input shape:  torch.Size([67589342, 3])
Device: cuda
Preparing bootstrap without replacement.
Sampled orbits / total orbits:  0.7
Bootstrap prepared!
Plateau reached!

Making folder
Training model 34...
Loading data
Altitude max: 1252 km
Number of neurons per layer: 12
Include altitude: False
Smoothness lambda: 10000000000.0
Crop limit: 50 nT
Input shape:  torch.Size([60163503, 3])
Device: cuda
Preparing bootstrap without replacement.
Sampled orbits / total orbits:  0.7
Bootstrap prepared!
Plateau reached!

Making folder
Training model 36...
Loading data
Altitude max: 1045 km
Number of neurons per layer: 9
Include altitude: False
Smoothness lambda: 10000000000.0
Crop limit: 100 nT
Input shape:  torch.Size([53747327, 3])
Device: cuda
Preparing bootstrap without replacement.
Sampled orbits / total orbits:  0.6999577405268348
Bootstrap prepared!
Plateau reached!

Making folder
Training model 39...
Loading data
Altitude max: 1159 km
Number of neurons per layer: 8
Include altitude: False
Smoothness lambda: 10000000000.0
Crop limit: 50 nT
Input shape:  torch.Size([56731098, 3])
Device: cuda
Preparing bootstrap without replacement.
Sampled orbits / total orbits:  0.7
Bootstrap prepared!
Plateau reached!

Making folder
Training model 42...
Loading data
Altitude max: 1009 km
Number of neurons per layer: 8
Include altitude: False
Smoothness lambda: 10000000000.0
Crop limit: 30 nT
Input shape:  torch.Size([45893510, 3])
Device: cuda
Preparing bootstrap without replacement.
Sampled orbits / total orbits:  0.6999859082155103
Bootstrap prepared!
Plateau reached!

Making folder
Training model 44...
Loading data
Altitude max: 489 km
Number of neurons per layer: 13
Include altitude: False
Smoothness lambda: 10000000000.0
Crop limit: 100 nT
Input shape:  torch.Size([30026096, 3])
Device: cuda
Preparing bootstrap without replacement.
Sampled orbits / total orbits:  0.6999812136013526
Bootstrap prepared!
Plateau reached!

Making folder
Training model 46...
Loading data
Altitude max: 442 km
Number of neurons per layer: 7
Include altitude: False
Smoothness lambda: 10000000000.0
Crop limit: 60 nT
Input shape:  torch.Size([26974667, 3])
Device: cuda
Preparing bootstrap without replacement.
Sampled orbits / total orbits:  0.7
Bootstrap prepared!
Plateau reached!

Making folder
Training model 48...
Loading data
Altitude max: 1408 km
Number of neurons per layer: 15
Include altitude: False
Smoothness lambda: 10000000000.0
Crop limit: 40 nT
Input shape:  torch.Size([64279756, 3])
Device: cuda
Preparing bootstrap without replacement.
Sampled orbits / total orbits:  0.7
Bootstrap prepared!
Plateau reached!

Making folder
Training model 51...
Loading data
Altitude max: 1142 km
Number of neurons per layer: 14
Include altitude: False
Smoothness lambda: 10000000000.0
Crop limit: 60 nT
Input shape:  torch.Size([56782447, 3])
Device: cuda
Preparing bootstrap without replacement.
Sampled orbits / total orbits:  0.6999859148316823
Bootstrap prepared!
slurmstepd: error: *** JOB 46524532 ON eu-g3-074 CANCELLED AT 2025-10-29T11:43:36 ***
