Making folder
Training model 2...
Loading data
Altitude max: 2500 km
Number of neurons per layer: 23
Include altitude: False
Smoothness lambda: 10000000000.0
Crop limit: 100 nT
Input shape:  torch.Size([107562961, 3])
Device: cuda
Preparing bootstrap without replacement.
Sampled orbits / total orbits:  0.7
Bootstrap prepared!
Plateau reached!

Making folder
Training model 4...
Loading data
Altitude max: 2500 km
Number of neurons per layer: 22
Include altitude: False
Smoothness lambda: 10000000000.0
Crop limit: 100 nT
Input shape:  torch.Size([107562961, 3])
Device: cuda
Preparing bootstrap without replacement.
Sampled orbits / total orbits:  0.7
Bootstrap prepared!
Plateau reached!

Making folder
Training model 6...
Loading data
Altitude max: 2500 km
Number of neurons per layer: 11
Include altitude: False
Smoothness lambda: 10000000000.0
Crop limit: 100 nT
Input shape:  torch.Size([107562961, 3])
Device: cuda
Preparing bootstrap without replacement.
Sampled orbits / total orbits:  0.7
Bootstrap prepared!
Plateau reached!

Making folder
Training model 8...
Loading data
Altitude max: 2500 km
Number of neurons per layer: 14
Include altitude: False
Smoothness lambda: 10000000000.0
Crop limit: 100 nT
Input shape:  torch.Size([107562961, 3])
Device: cuda
Preparing bootstrap without replacement.
Sampled orbits / total orbits:  0.7
Bootstrap prepared!
Plateau reached!

Making folder
Training model 9...
Loading data
Altitude max: 2500 km
Number of neurons per layer: 24
Include altitude: False
Smoothness lambda: 10000000000.0
Crop limit: 100 nT
Input shape:  torch.Size([107562961, 3])
Device: cuda
Preparing bootstrap without replacement.
Sampled orbits / total orbits:  0.7
Bootstrap prepared!
Plateau reached!

Making folder
Training model 11...
Loading data
Altitude max: 2500 km
Number of neurons per layer: 18
Include altitude: False
Smoothness lambda: 10000000000.0
Crop limit: 100 nT
Input shape:  torch.Size([107562961, 3])
Device: cuda
Preparing bootstrap without replacement.
Sampled orbits / total orbits:  0.7
Bootstrap prepared!
Plateau reached!

Making folder
Training model 13...
Loading data
Altitude max: 2500 km
Number of neurons per layer: 15
Include altitude: False
Smoothness lambda: 10000000000.0
Crop limit: 100 nT
Input shape:  torch.Size([107562961, 3])
Device: cuda
Preparing bootstrap without replacement.
Sampled orbits / total orbits:  0.7
Bootstrap prepared!
Plateau reached!

Making folder
Training model 14...
Loading data
Altitude max: 2500 km
Number of neurons per layer: 15
Include altitude: False
Smoothness lambda: 10000000000.0
Crop limit: 100 nT
Input shape:  torch.Size([107562961, 3])
Device: cuda
Preparing bootstrap without replacement.
Sampled orbits / total orbits:  0.7
Bootstrap prepared!
Plateau reached!

Making folder
Training model 16...
Loading data
Altitude max: 2500 km
Number of neurons per layer: 19
Include altitude: False
Smoothness lambda: 10000000000.0
Crop limit: 100 nT
Input shape:  torch.Size([107562961, 3])
Device: cuda
Preparing bootstrap without replacement.
Sampled orbits / total orbits:  0.7
Bootstrap prepared!
Plateau reached!

Making folder
Training model 18...
Loading data
Altitude max: 2500 km
Number of neurons per layer: 16
Include altitude: False
Smoothness lambda: 10000000000.0
Crop limit: 100 nT
Input shape:  torch.Size([107562961, 3])
Device: cuda
Preparing bootstrap without replacement.
Sampled orbits / total orbits:  0.7
Bootstrap prepared!
Plateau reached!

Making folder
Training model 21...
Loading data
Altitude max: 2500 km
Number of neurons per layer: 17
Include altitude: False
Smoothness lambda: 10000000000.0
Crop limit: 100 nT
Input shape:  torch.Size([107562961, 3])
Device: cuda
Preparing bootstrap without replacement.
Sampled orbits / total orbits:  0.7
Bootstrap prepared!
slurmstepd: error: *** JOB 47210017 ON eu-g3-074 CANCELLED AT 2025-11-07T05:37:28 DUE TO TIME LIMIT ***
