Making folder
Training model 1...
Loading data
Altitude max: 2500 km
Number of neurons per layer: 9
Include altitude: False
Smoothness lambda: 10000000000.0
Crop limit: 100 nT
Input shape:  torch.Size([107562961, 3])
Device: cuda
Preparing bootstrap without replacement.
Sampled orbits / total orbits:  0.7
Bootstrap prepared!
Plateau reached!

Making folder
Training model 3...
Loading data
Altitude max: 2500 km
Number of neurons per layer: 19
Include altitude: False
Smoothness lambda: 10000000000.0
Crop limit: 100 nT
Input shape:  torch.Size([107562961, 3])
Device: cuda
Preparing bootstrap without replacement.
Sampled orbits / total orbits:  0.7
Bootstrap prepared!
Plateau reached!

Making folder
Training model 5...
Loading data
Altitude max: 2500 km
Number of neurons per layer: 17
Include altitude: False
Smoothness lambda: 10000000000.0
Crop limit: 100 nT
Input shape:  torch.Size([107562961, 3])
Device: cuda
Preparing bootstrap without replacement.
Sampled orbits / total orbits:  0.7
Bootstrap prepared!
Plateau reached!

Making folder
Training model 7...
Loading data
Altitude max: 2500 km
Number of neurons per layer: 19
Include altitude: False
Smoothness lambda: 10000000000.0
Crop limit: 100 nT
Input shape:  torch.Size([107562961, 3])
Device: cuda
Preparing bootstrap without replacement.
Sampled orbits / total orbits:  0.7
Bootstrap prepared!
Plateau reached!

Making folder
Training model 10...
Loading data
Altitude max: 2500 km
Number of neurons per layer: 25
Include altitude: False
Smoothness lambda: 10000000000.0
Crop limit: 100 nT
Input shape:  torch.Size([107562961, 3])
Device: cuda
Preparing bootstrap without replacement.
Sampled orbits / total orbits:  0.7
Bootstrap prepared!
Plateau reached!

Making folder
Training model 12...
Loading data
Altitude max: 2500 km
Number of neurons per layer: 17
Include altitude: False
Smoothness lambda: 10000000000.0
Crop limit: 100 nT
Input shape:  torch.Size([107562961, 3])
Device: cuda
Preparing bootstrap without replacement.
Sampled orbits / total orbits:  0.7
Bootstrap prepared!
Plateau reached!

Making folder
Training model 15...
Loading data
Altitude max: 2500 km
Number of neurons per layer: 8
Include altitude: False
Smoothness lambda: 10000000000.0
Crop limit: 100 nT
Input shape:  torch.Size([107562961, 3])
Device: cuda
Preparing bootstrap without replacement.
Sampled orbits / total orbits:  0.7
Bootstrap prepared!
Plateau reached!

Making folder
Training model 17...
Loading data
Altitude max: 2500 km
Number of neurons per layer: 21
Include altitude: False
Smoothness lambda: 10000000000.0
Crop limit: 100 nT
Input shape:  torch.Size([107562961, 3])
Device: cuda
Preparing bootstrap without replacement.
Sampled orbits / total orbits:  0.7
Bootstrap prepared!
Plateau reached!

Making folder
Training model 19...
Loading data
Altitude max: 2500 km
Number of neurons per layer: 8
Include altitude: False
Smoothness lambda: 10000000000.0
Crop limit: 100 nT
Input shape:  torch.Size([107562961, 3])
Device: cuda
Preparing bootstrap without replacement.
Sampled orbits / total orbits:  0.7
Bootstrap prepared!
Plateau reached!

Making folder
Training model 20...
Loading data
Altitude max: 2500 km
Number of neurons per layer: 11
Include altitude: False
Smoothness lambda: 10000000000.0
Crop limit: 100 nT
Input shape:  torch.Size([107562961, 3])
Device: cuda
Preparing bootstrap without replacement.
Sampled orbits / total orbits:  0.7
Bootstrap prepared!
Plateau reached!

Making folder
Training model 22...
Loading data
Altitude max: 2500 km
Number of neurons per layer: 9
Include altitude: False
Smoothness lambda: 10000000000.0
Crop limit: 100 nT
Input shape:  torch.Size([107562961, 3])
Device: cuda
Preparing bootstrap without replacement.
Sampled orbits / total orbits:  0.7
Bootstrap prepared!
Plateau reached!

Making folder
Training model 23...
Loading data
Altitude max: 2500 km
Number of neurons per layer: 19
Include altitude: False
Smoothness lambda: 10000000000.0
Crop limit: 100 nT
Input shape:  torch.Size([107562961, 3])
Device: cuda
Preparing bootstrap without replacement.
Sampled orbits / total orbits:  0.7
Bootstrap prepared!
slurmstepd: error: *** JOB 47209919 ON eu-g3-073 CANCELLED AT 2025-11-07T05:34:56 DUE TO TIME LIMIT ***
